#
# A fatal error has been detected by the Java Runtime Environment:
#
#  EXCEPTION_ACCESS_VIOLATION (0xc0000005) at pc=0x0000000068281cfc, pid=5384, tid=0x0000000000000b48
#
# JRE version: OpenJDK Runtime Environment (8.0_112-b06) (build 1.8.0_112-release-b06)
# Java VM: OpenJDK 64-Bit Server VM (25.112-b06 mixed mode windows-amd64 compressed oops)
# Problematic frame:
# V  [jvm.dll+0x1cfc]
#
# Failed to write core dump. Minidumps are not enabled by default on client versions of Windows
#
# If you would like to submit a bug report, please visit:
#   http://bugreport.java.com/bugreport/crash.jsp
#

---------------  T H R E A D  ---------------

Current thread (0x0000000057a80000):  JavaThread "Daemon worker" [_thread_in_vm, id=2888, stack(0x000000005a7b0000,0x000000005a8b0000)]

siginfo: ExceptionCode=0xc0000005, reading address 0x00000000000003a7

Registers:
RAX=0x000000000000027f, RBX=0x0000000000000001, RCX=0x000000005a8abf28, RDX=0x000000005b4d8c06
RSP=0x000000005a8aac48, RBP=0x000000005a8aad50, RSI=0x000000005a8ab730, RDI=0x0000000000000000
R8 =0x0000000000000000, R9 =0x8101010101010100, R10=0x00000000682dce7d, R11=0x0000000000000016
R12=0x000000005a8abf28, R13=0x000000005a8ac510, R14=0x0000000057a80000, R15=0x00000000000000b6
RIP=0x0000000068281cfc, EFLAGS=0x0000000000010206

Top of Stack: (sp=0x000000005a8aac48)
0x000000005a8aac48:   00000000682e282c 0000000000000000
0x000000005a8aac58:   0000000000000001 0000000000000001
0x000000005a8aac68:   000000005a8ab730 0000000000000400
0x000000005a8aac78:   0000000057a80000 413ac1ab00000000
0x000000005a8aac88:   000000005a8ac3d0 000000005a8aad70
0x000000005a8aac98:   000000005a8ab848 0000000057a80008
0x000000005a8aaca8:   00000000a086c800 00000000a0810a00
0x000000005a8aacb8:   00000000000a0338 00000000023e3030
0x000000005a8aacc8:   0000002d00000014 000000010000000c
0x000000005a8aacd8:   000000005b4d8b00 00000000023de9c0
0x000000005a8aace8:   000000000000000a 00000000e867d840
0x000000005a8aacf8:   0000000002b56fa5 00000000580125f8
0x000000005a8aad08:   0000000057a80000 000000005a8aae50
0x000000005a8aad18:   0000000000000000 0000000000000000
0x000000005a8aad28:   00000000023e1400 0000000000000584
0x000000005a8aad38:   00000000023de9c0 00000000a081d710 

Instructions: (pc=0x0000000068281cfc)
0x0000000068281cdc:   48 83 c4 20 5f e9 aa a5 2c 00 cc cc cc cc cc cc
0x0000000068281cec:   cc cc cc cc 4c 8b 11 4d 85 d2 74 65 48 8b 41 08
0x0000000068281cfc:   4c 8b 88 28 01 00 00 45 8b 01 41 ff c8 49 63 d0
0x0000000068281d0c:   78 19 49 8b 41 18 48 8d 0c d0 4c 39 11 74 10 41 


Register to memory mapping:

RAX=0x000000000000027f is an unknown value
RBX=0x0000000000000001 is an unknown value
RCX=0x000000005a8abf28 is pointing into the stack for thread: 0x0000000057a80000
RDX=0x000000005b4d8c06 is an unknown value
RSP=0x000000005a8aac48 is pointing into the stack for thread: 0x0000000057a80000
RBP=0x000000005a8aad50 is pointing into the stack for thread: 0x0000000057a80000
RSI=0x000000005a8ab730 is pointing into the stack for thread: 0x0000000057a80000
RDI=0x0000000000000000 is an unknown value
R8 =0x0000000000000000 is an unknown value
R9 =0x8101010101010100 is an unknown value
R10=0x00000000682dce7d is an unknown value
R11=0x0000000000000016 is an unknown value
R12=0x000000005a8abf28 is pointing into the stack for thread: 0x0000000057a80000
R13=0x000000005a8ac510 is pointing into the stack for thread: 0x0000000057a80000
R14=0x0000000057a80000 is a thread
R15=0x00000000000000b6 is an unknown value


Stack: [0x000000005a7b0000,0x000000005a8b0000],  sp=0x000000005a8aac48,  free space=1003k
Native frames: (J=compiled Java code, j=interpreted, Vv=VM code, C=native code)
V  [jvm.dll+0x1cfc]

Java frames: (J=compiled Java code, j=interpreted, Vv=VM code)
j  com.android.builder.sdk.DefaultSdkLoader.init(Lcom/android/utils/ILogger;)V+103
j  com.android.builder.sdk.DefaultSdkLoader.getSdkInfo(Lcom/android/utils/ILogger;)Lcom/android/builder/sdk/SdkInfo;+2
j  com.android.build.gradle.internal.SdkHandler.initTarget(Ljava/lang/String;Lcom/android/repository/Revision;Ljava/util/Collection;Lcom/android/builder/core/AndroidBuilder;Z)V+131
j  com.android.build.gradle.BasePlugin.ensureTargetSetup()V+68
j  com.android.build.gradle.BasePlugin.createAndroidTasks(Z)V+84
j  com.android.build.gradle.BasePlugin.lambda$null$4()V+2
j  com.android.build.gradle.BasePlugin$$Lambda$41.call()V+4
j  com.android.builder.profile.ThreadRecorder.record(Lcom/google/wireless/android/sdk/stats/GradleBuildProfileSpan$ExecutionType;Ljava/lang/String;Ljava/lang/String;Lcom/android/builder/profile/Recorder$VoidBlock;)V+17
j  com.android.build.gradle.BasePlugin.lambda$createTasks$5(Lorg/gradle/api/Project;)V+20
j  com.android.build.gradle.BasePlugin$$Lambda$40.execute(Ljava/lang/Object;)V+8
j  org.gradle.internal.event.BroadcastDispatch$ActionInvocationHandler.dispatch(Lorg/gradle/internal/dispatch/MethodInvocation;)V+27
j  org.gradle.internal.event.BroadcastDispatch$ActionInvocationHandler.dispatch(Ljava/lang/Object;)V+5
J 823 C1 org.gradle.internal.event.AbstractBroadcastDispatch.dispatch(Lorg/gradle/internal/dispatch/MethodInvocation;Ljava/util/Iterator;)V (127 bytes) @ 0x0000000002cbb394 [0x0000000002cbae60+0x534]
J 820 C1 org.gradle.internal.event.BroadcastDispatch.dispatch(Ljava/lang/Object;)V (9 bytes) @ 0x0000000002cbddd4 [0x0000000002cbd960+0x474]
J 807 C1 org.gradle.internal.dispatch.ProxyDispatchAdapter$DispatchingInvocationHandler.invoke(Ljava/lang/Object;Ljava/lang/reflect/Method;[Ljava/lang/Object;)Ljava/lang/Object; (185 bytes) @ 0x0000000002cb3a5c [0x0000000002cb2900+0x115c]
j  com.sun.proxy.$Proxy16.afterEvaluate(Lorg/gradle/api/Project;Lorg/gradle/api/ProjectState;)V+20
j  org.gradle.configuration.project.LifecycleProjectEvaluator.notifyAfterEvaluate(Lorg/gradle/api/ProjectEvaluationListener;Lorg/gradle/api/internal/project/ProjectInternal;Lorg/gradle/api/internal/project/ProjectStateInternal;)V+3
j  org.gradle.configuration.project.LifecycleProjectEvaluator.doConfigure(Lorg/gradle/api/internal/project/ProjectInternal;Lorg/gradle/api/internal/project/ProjectStateInternal;)V+57
j  org.gradle.configuration.project.LifecycleProjectEvaluator.access$000(Lorg/gradle/configuration/project/LifecycleProjectEvaluator;Lorg/gradle/api/internal/project/ProjectInternal;Lorg/gradle/api/internal/project/ProjectStateInternal;)V+3
j  org.gradle.configuration.project.LifecycleProjectEvaluator$1.execute(Lorg/gradle/internal/operations/BuildOperationContext;)V+12
j  org.gradle.configuration.project.LifecycleProjectEvaluator$1.execute(Ljava/lang/Object;)V+5
j  org.gradle.internal.Transformers$4.transform(Ljava/lang/Object;)Ljava/lang/Object;+5
j  org.gradle.internal.progress.DefaultBuildOperationExecutor.run(Lorg/gradle/internal/progress/BuildOperationDetails;Lorg/gradle/api/Transformer;)Ljava/lang/Object;+276
j  org.gradle.internal.progress.DefaultBuildOperationExecutor.run(Lorg/gradle/internal/progress/BuildOperationDetails;Lorg/gradle/api/Action;)V+6
j  org.gradle.configuration.project.LifecycleProjectEvaluator.evaluate(Lorg/gradle/api/internal/project/ProjectInternal;Lorg/gradle/api/internal/project/ProjectStateInternal;)V+89
j  org.gradle.api.internal.project.DefaultProject.evaluate()Lorg/gradle/api/internal/project/DefaultProject;+9
j  org.gradle.api.internal.project.DefaultProject.evaluate()Lorg/gradle/api/Project;+1
j  org.gradle.execution.TaskPathProjectEvaluator.configure(Lorg/gradle/api/internal/project/ProjectInternal;)V+21
j  org.gradle.execution.TaskPathProjectEvaluator.configureHierarchy(Lorg/gradle/api/internal/project/ProjectInternal;)V+41
j  org.gradle.configuration.DefaultBuildConfigurer.configure(Lorg/gradle/api/internal/GradleInternal;)V+45
j  org.gradle.initialization.DefaultGradleLauncher$1.execute(Lorg/gradle/internal/operations/BuildOperationContext;)V+14
j  org.gradle.initialization.DefaultGradleLauncher$1.execute(Ljava/lang/Object;)V+5
j  org.gradle.internal.Transformers$4.transform(Ljava/lang/Object;)Ljava/lang/Object;+5
j  org.gradle.internal.progress.DefaultBuildOperationExecutor.run(Lorg/gradle/internal/progress/BuildOperationDetails;Lorg/gradle/api/Transformer;)Ljava/lang/Object;+276
j  org.gradle.internal.progress.DefaultBuildOperationExecutor.run(Ljava/lang/String;Lorg/gradle/api/Action;)V+12
j  org.gradle.initialization.DefaultGradleLauncher.doBuildStages(Lorg/gradle/initialization/DefaultGradleLauncher$Stage;)V+94
j  org.gradle.initialization.DefaultGradleLauncher.doBuild(Lorg/gradle/initialization/DefaultGradleLauncher$Stage;)Lorg/gradle/BuildResult;+17
j  org.gradle.initialization.DefaultGradleLauncher.getBuildAnalysis()Lorg/gradle/BuildResult;+4
j  org.gradle.launcher.exec.GradleBuildController.configure()Lorg/gradle/api/internal/GradleInternal;+4
j  org.gradle.tooling.internal.provider.runner.ClientProvidedBuildActionRunner.run(Lorg/gradle/internal/invocation/BuildAction;Lorg/gradle/internal/invocation/BuildController;)V+62
j  org.gradle.launcher.exec.ChainingBuildActionRunner.run(Lorg/gradle/internal/invocation/BuildAction;Lorg/gradle/internal/invocation/BuildController;)V+34
j  org.gradle.tooling.internal.provider.runner.RunAsBuildOperationBuildActionRunner$1.execute(Lorg/gradle/internal/operations/BuildOperationContext;)V+15
j  org.gradle.tooling.internal.provider.runner.RunAsBuildOperationBuildActionRunner$1.execute(Ljava/lang/Object;)V+5
j  org.gradle.internal.Transformers$4.transform(Ljava/lang/Object;)Ljava/lang/Object;+5
j  org.gradle.internal.progress.DefaultBuildOperationExecutor.run(Lorg/gradle/internal/progress/BuildOperationDetails;Lorg/gradle/api/Transformer;)Ljava/lang/Object;+276
j  org.gradle.internal.progress.DefaultBuildOperationExecutor.run(Ljava/lang/String;Lorg/gradle/api/Action;)V+12
j  org.gradle.tooling.internal.provider.runner.RunAsBuildOperationBuildActionRunner.run(Lorg/gradle/internal/invocation/BuildAction;Lorg/gradle/internal/invocation/BuildController;)V+16
j  org.gradle.tooling.internal.provider.runner.SubscribableBuildActionRunner.run(Lorg/gradle/internal/invocation/BuildAction;Lorg/gradle/internal/invocation/BuildController;)V+38
j  org.gradle.launcher.exec.ChainingBuildActionRunner.run(Lorg/gradle/internal/invocation/BuildAction;Lorg/gradle/internal/invocation/BuildController;)V+34
j  org.gradle.launcher.exec.InProcessBuildActionExecuter.execute(Lorg/gradle/internal/invocation/BuildAction;Lorg/gradle/initialization/BuildRequestContext;Lorg/gradle/launcher/exec/BuildActionParameters;Lorg/gradle/internal/service/ServiceRegistry;)Ljava/lang/Object;+64
j  org.gradle.launcher.exec.InProcessBuildActionExecuter.execute(Lorg/gradle/internal/invocation/BuildAction;Lorg/gradle/initialization/BuildRequestContext;Ljava/lang/Object;Lorg/gradle/internal/service/ServiceRegistry;)Ljava/lang/Object;+9
j  org.gradle.tooling.internal.provider.ContinuousBuildActionExecuter.execute(Lorg/gradle/internal/invocation/BuildAction;Lorg/gradle/initialization/BuildRequestContext;Lorg/gradle/launcher/exec/BuildActionParameters;Lorg/gradle/internal/service/ServiceRegistry;)Ljava/lang/Object;+28
j  org.gradle.tooling.internal.provider.ContinuousBuildActionExecuter.execute(Lorg/gradle/internal/invocation/BuildAction;Lorg/gradle/initialization/BuildRequestContext;Ljava/lang/Object;Lorg/gradle/internal/service/ServiceRegistry;)Ljava/lang/Object;+9
j  org.gradle.tooling.internal.provider.ServicesSetupBuildActionExecuter.execute(Lorg/gradle/internal/invocation/BuildAction;Lorg/gradle/initialization/BuildRequestContext;Lorg/gradle/launcher/exec/BuildActionParameters;Lorg/gradle/internal/service/ServiceRegistry;)Ljava/lang/Object;+52
j  org.gradle.tooling.internal.provider.ServicesSetupBuildActionExecuter.execute(Lorg/gradle/internal/invocation/BuildAction;Lorg/gradle/initialization/BuildRequestContext;Ljava/lang/Object;Lorg/gradle/internal/service/ServiceRegistry;)Ljava/lang/Object;+9
j  org.gradle.launcher.daemon.server.exec.ExecuteBuild.doBuild(Lorg/gradle/launcher/daemon/server/api/DaemonCommandExecution;Lorg/gradle/launcher/daemon/protocol/Build;)V+114
j  org.gradle.launcher.daemon.server.exec.BuildCommandOnly.execute(Lorg/gradle/launcher/daemon/server/api/DaemonCommandExecution;)V+49
j  org.gradle.launcher.daemon.server.api.DaemonCommandExecution.proceed()Z+28
j  org.gradle.launcher.daemon.server.exec.WatchForDisconnection.execute(Lorg/gradle/launcher/daemon/server/api/DaemonCommandExecution;)V+19
j  org.gradle.launcher.daemon.server.api.DaemonCommandExecution.proceed()Z+28
j  org.gradle.launcher.daemon.server.exec.ResetDeprecationLogger.execute(Lorg/gradle/launcher/daemon/server/api/DaemonCommandExecution;)V+4
j  org.gradle.launcher.daemon.server.api.DaemonCommandExecution.proceed()Z+28
j  org.gradle.launcher.daemon.server.exec.RequestStopIfSingleUsedDaemon.execute(Lorg/gradle/launcher/daemon/server/api/DaemonCommandExecution;)V+33
j  org.gradle.launcher.daemon.server.api.DaemonCommandExecution.proceed()Z+28
j  org.gradle.launcher.daemon.server.exec.ForwardClientInput$2.call()Ljava/lang/Void;+4
j  org.gradle.launcher.daemon.server.exec.ForwardClientInput$2.call()Ljava/lang/Object;+1
j  org.gradle.util.Swapper.swap(Ljava/lang/Object;Ljava/util/concurrent/Callable;)Ljava/lang/Object;+21
j  org.gradle.launcher.daemon.server.exec.ForwardClientInput.execute(Lorg/gradle/launcher/daemon/server/api/DaemonCommandExecution;)V+63
j  org.gradle.launcher.daemon.server.api.DaemonCommandExecution.proceed()Z+28
j  org.gradle.launcher.daemon.server.exec.LogAndCheckHealth.execute(Lorg/gradle/launcher/daemon/server/api/DaemonCommandExecution;)V+28
j  org.gradle.launcher.daemon.server.api.DaemonCommandExecution.proceed()Z+28
j  org.gradle.launcher.daemon.server.exec.LogToClient.doBuild(Lorg/gradle/launcher/daemon/server/api/DaemonCommandExecution;Lorg/gradle/launcher/daemon/protocol/Build;)V+87
j  org.gradle.launcher.daemon.server.exec.BuildCommandOnly.execute(Lorg/gradle/launcher/daemon/server/api/DaemonCommandExecution;)V+49
j  org.gradle.launcher.daemon.server.api.DaemonCommandExecution.proceed()Z+28
j  org.gradle.launcher.daemon.server.exec.EstablishBuildEnvironment.doBuild(Lorg/gradle/launcher/daemon/server/api/DaemonCommandExecution;Lorg/gradle/launcher/daemon/protocol/Build;)V+279
j  org.gradle.launcher.daemon.server.exec.BuildCommandOnly.execute(Lorg/gradle/launcher/daemon/server/api/DaemonCommandExecution;)V+49
j  org.gradle.launcher.daemon.server.api.DaemonCommandExecution.proceed()Z+28
j  org.gradle.launcher.daemon.server.exec.StartBuildOrRespondWithBusy$1.run()V+44
j  org.gradle.launcher.daemon.server.DaemonStateCoordinator$1.run()V+4
j  org.gradle.internal.concurrent.ExecutorPolicy$CatchAndRecordFailures.onExecute(Ljava/lang/Runnable;)V+1
j  org.gradle.internal.concurrent.StoppableExecutorImpl$1.run()V+25
j  java.util.concurrent.ThreadPoolExecutor.runWorker(Ljava/util/concurrent/ThreadPoolExecutor$Worker;)V+95
j  java.util.concurrent.ThreadPoolExecutor$Worker.run()V+5
j  java.lang.Thread.run()V+11
v  ~StubRoutines::call_stub

---------------  P R O C E S S  ---------------

Java Threads: ( => current thread )
  0x0000000057a4a000 JavaThread "File lock request listener" [_thread_in_native, id=5776, stack(0x000000005bcd0000,0x000000005bdd0000)]
  0x0000000057924000 JavaThread "Asynchronous log dispatcher for DefaultDaemonConnection: socket connection from /127.0.0.1:19069 to /127.0.0.1:19101" [_thread_blocked, id=420, stack(0x00000000573a0000,0x00000000574a0000)]
=>0x0000000057a80000 JavaThread "Daemon worker" [_thread_in_vm, id=2888, stack(0x000000005a7b0000,0x000000005a8b0000)]
  0x0000000057a7e800 JavaThread "Cancel handler" [_thread_blocked, id=1108, stack(0x000000005a5b0000,0x000000005a6b0000)]
  0x0000000058bb1000 JavaThread "pool-1-thread-1" [_thread_blocked, id=416, stack(0x000000005a410000,0x000000005a510000)]
  0x000000005821a000 JavaThread "Handler for socket connection from /127.0.0.1:19069 to /127.0.0.1:19101" [_thread_in_native, id=5108, stack(0x000000005a1f0000,0x000000005a2f0000)]
  0x0000000058213800 JavaThread "Daemon" [_thread_blocked, id=5964, stack(0x000000005a020000,0x000000005a120000)]
  0x00000000588e3800 JavaThread "Incoming local TCP Connector on port 19069" [_thread_in_native, id=2920, stack(0x0000000059c50000,0x0000000059d50000)]
  0x000000005629a800 JavaThread "Service Thread" daemon [_thread_blocked, id=2820, stack(0x00000000577c0000,0x00000000578c0000)]
  0x000000005628d000 JavaThread "C1 CompilerThread1" daemon [_thread_blocked, id=1924, stack(0x0000000057600000,0x0000000057700000)]
  0x0000000056289000 JavaThread "C2 CompilerThread0" daemon [_thread_in_native, id=1204, stack(0x00000000574b0000,0x00000000575b0000)]
  0x0000000056287800 JavaThread "Attach Listener" daemon [_thread_blocked, id=5100, stack(0x0000000057290000,0x0000000057390000)]
  0x0000000056286000 JavaThread "Signal Dispatcher" daemon [_thread_blocked, id=4256, stack(0x0000000057030000,0x0000000057130000)]
  0x000000005626e000 JavaThread "Finalizer" daemon [_thread_blocked, id=2728, stack(0x0000000056f10000,0x0000000057010000)]
  0x0000000056225000 JavaThread "Reference Handler" daemon [_thread_blocked, id=3520, stack(0x0000000056d20000,0x0000000056e20000)]
  0x0000000001e4e000 JavaThread "main" [_thread_blocked, id=3092, stack(0x00000000025a0000,0x00000000026a0000)]

Other Threads:
  0x000000005621c800 VMThread [stack: 0x0000000056b00000,0x0000000056c00000] [id=2300]
  0x000000005629c000 WatcherThread [stack: 0x0000000057160000,0x0000000057260000] [id=5764]

VM state:not at safepoint (normal execution)

VM Mutex/Monitor currently owned by a thread: None

Heap:
 PSYoungGen      total 155136K, used 138784K [0x00000000e0000000, 0x00000000eb800000, 0x0000000100000000)
  eden space 144384K, 96% used [0x00000000e0000000,0x00000000e8788298,0x00000000e8d00000)
  from space 10752K, 0% used [0x00000000e9980000,0x00000000e9980000,0x00000000ea400000)
  to   space 12800K, 0% used [0x00000000e8d00000,0x00000000e8d00000,0x00000000e9980000)
 ParOldGen       total 48128K, used 17066K [0x00000000a0000000, 0x00000000a2f00000, 0x00000000e0000000)
  object space 48128K, 35% used [0x00000000a0000000,0x00000000a10aab98,0x00000000a2f00000)
 Metaspace       used 43146K, capacity 44142K, committed 44288K, reserved 1087488K
  class space    used 5788K, capacity 6021K, committed 6144K, reserved 1048576K

Card table byte_map: [0x0000000011d30000,0x0000000012040000] byte_map_base: 0x0000000011830000

Marking Bits: (ParMarkBitMap*) 0x0000000068a418f0
 Begin Bits: [0x00000000125f0000, 0x0000000013df0000)
 End Bits:   [0x0000000013df0000, 0x00000000155f0000)

Polling page: 0x0000000000130000

CodeCache: size=245760Kb used=14578Kb max_used=14595Kb free=231181Kb
 bounds [0x0000000002970000, 0x00000000037c0000, 0x0000000011970000]
 total_blobs=4998 nmethods=4271 adapters=640
 compilation: enabled

Compilation events (10 events):
Event: 121.816 Thread 0x000000005628d000 4690       1       com.android.repository.impl.generated.v1.RevisionType::getMajor (5 bytes)
Event: 121.816 Thread 0x000000005628d000 nmethod 4690 0x00000000037b6410 code [0x00000000037b6560, 0x00000000037b6670]
Event: 121.816 Thread 0x000000005628d000 4691       1       com.android.repository.impl.generated.v1.RevisionType::getMinor (5 bytes)
Event: 121.817 Thread 0x000000005628d000 nmethod 4691 0x00000000037b66d0 code [0x00000000037b6820, 0x00000000037b6930]
Event: 121.817 Thread 0x000000005628d000 4692       1       com.android.repository.impl.generated.v1.RevisionType::getMicro (5 bytes)
Event: 121.817 Thread 0x000000005628d000 nmethod 4692 0x00000000037b6990 code [0x00000000037b6ae0, 0x00000000037b6bf0]
Event: 121.817 Thread 0x000000005628d000 4693       1       com.android.repository.impl.generated.v1.RevisionType::getPreview (5 bytes)
Event: 121.817 Thread 0x000000005628d000 nmethod 4693 0x00000000037b6c50 code [0x00000000037b6da0, 0x00000000037b6eb0]
Event: 121.837 Thread 0x0000000056289000 nmethod 4586% 0x00000000037bb050 code [0x00000000037bb240, 0x00000000037bc6e8]
Event: 121.837 Thread 0x0000000056289000 4545 %     4       sun.nio.fs.WindowsPathParser::normalize @ 18 (233 bytes)

GC Heap History (10 events):
Event: 74.258 GC heap before
{Heap before GC invocations=6 (full 1):
 PSYoungGen      total 51200K, used 2032K [0x00000000e0000000, 0x00000000e7400000, 0x0000000100000000)
  eden space 49152K, 0% used [0x00000000e0000000,0x00000000e0000000,0x00000000e3000000)
  from space 2048K, 99% used [0x00000000e3000000,0x00000000e31fc030,0x00000000e3200000)
  to   space 10240K, 0% used [0x00000000e6a00000,0x00000000e6a00000,0x00000000e7400000)
 ParOldGen       total 32768K, used 14172K [0x00000000a0000000, 0x00000000a2000000, 0x00000000e0000000)
  object space 32768K, 43% used [0x00000000a0000000,0x00000000a0dd7340,0x00000000a2000000)
 Metaspace       used 20837K, capacity 21230K, committed 21296K, reserved 1067008K
  class space    used 2795K, capacity 2944K, committed 2944K, reserved 1048576K
Event: 74.750 GC heap after
Heap after GC invocations=6 (full 1):
 PSYoungGen      total 51200K, used 0K [0x00000000e0000000, 0x00000000e7400000, 0x0000000100000000)
  eden space 49152K, 0% used [0x00000000e0000000,0x00000000e0000000,0x00000000e3000000)
  from space 2048K, 0% used [0x00000000e3000000,0x00000000e3000000,0x00000000e3200000)
  to   space 10240K, 0% used [0x00000000e6a00000,0x00000000e6a00000,0x00000000e7400000)
 ParOldGen       total 36864K, used 13515K [0x00000000a0000000, 0x00000000a2400000, 0x00000000e0000000)
  object space 36864K, 36% used [0x00000000a0000000,0x00000000a0d32fc8,0x00000000a2400000)
 Metaspace       used 20837K, capacity 21230K, committed 21296K, reserved 1067008K
  class space    used 2795K, capacity 2944K, committed 2944K, reserved 1048576K
}
Event: 81.892 GC heap before
{Heap before GC invocations=7 (full 1):
 PSYoungGen      total 51200K, used 49152K [0x00000000e0000000, 0x00000000e7400000, 0x0000000100000000)
  eden space 49152K, 100% used [0x00000000e0000000,0x00000000e3000000,0x00000000e3000000)
  from space 2048K, 0% used [0x00000000e3000000,0x00000000e3000000,0x00000000e3200000)
  to   space 10240K, 0% used [0x00000000e6a00000,0x00000000e6a00000,0x00000000e7400000)
 ParOldGen       total 36864K, used 13515K [0x00000000a0000000, 0x00000000a2400000, 0x00000000e0000000)
  object space 36864K, 36% used [0x00000000a0000000,0x00000000a0d32fc8,0x00000000a2400000)
 Metaspace       used 24832K, capacity 25348K, committed 25600K, reserved 1071104K
  class space    used 3382K, capacity 3519K, committed 3584K, reserved 1048576K
Event: 81.949 GC heap after
Heap after GC invocations=7 (full 1):
 PSYoungGen      total 91648K, used 5615K [0x00000000e0000000, 0x00000000e6f80000, 0x0000000100000000)
  eden space 86016K, 0% used [0x00000000e0000000,0x00000000e0000000,0x00000000e5400000)
  from space 5632K, 99% used [0x00000000e6a00000,0x00000000e6f7bfb0,0x00000000e6f80000)
  to   space 9728K, 0% used [0x00000000e5c80000,0x00000000e5c80000,0x00000000e6600000)
 ParOldGen       total 36864K, used 13523K [0x00000000a0000000, 0x00000000a2400000, 0x00000000e0000000)
  object space 36864K, 36% used [0x00000000a0000000,0x00000000a0d34fc8,0x00000000a2400000)
 Metaspace       used 24832K, capacity 25348K, committed 25600K, reserved 1071104K
  class space    used 3382K, capacity 3519K, committed 3584K, reserved 1048576K
}
Event: 102.895 GC heap before
{Heap before GC invocations=8 (full 1):
 PSYoungGen      total 91648K, used 91631K [0x00000000e0000000, 0x00000000e6f80000, 0x0000000100000000)
  eden space 86016K, 100% used [0x00000000e0000000,0x00000000e5400000,0x00000000e5400000)
  from space 5632K, 99% used [0x00000000e6a00000,0x00000000e6f7bfb0,0x00000000e6f80000)
  to   space 9728K, 0% used [0x00000000e5c80000,0x00000000e5c80000,0x00000000e6600000)
 ParOldGen       total 36864K, used 13523K [0x00000000a0000000, 0x00000000a2400000, 0x00000000e0000000)
  object space 36864K, 36% used [0x00000000a0000000,0x00000000a0d34fc8,0x00000000a2400000)
 Metaspace       used 29990K, capacity 30608K, committed 30720K, reserved 1075200K
  class space    used 4083K, capacity 4242K, committed 4352K, reserved 1048576K
Event: 102.989 GC heap after
Heap after GC invocations=8 (full 1):
 PSYoungGen      total 104448K, used 8719K [0x00000000e0000000, 0x00000000ea400000, 0x0000000100000000)
  eden space 94720K, 0% used [0x00000000e0000000,0x00000000e0000000,0x00000000e5c80000)
  from space 9728K, 89% used [0x00000000e5c80000,0x00000000e6503ec8,0x00000000e6600000)
  to   space 10752K, 0% used [0x00000000e9980000,0x00000000e9980000,0x00000000ea400000)
 ParOldGen       total 36864K, used 13531K [0x00000000a0000000, 0x00000000a2400000, 0x00000000e0000000)
  object space 36864K, 36% used [0x00000000a0000000,0x00000000a0d36fc8,0x00000000a2400000)
 Metaspace       used 29990K, capacity 30608K, committed 30720K, reserved 1075200K
  class space    used 4083K, capacity 4242K, committed 4352K, reserved 1048576K
}
Event: 108.021 GC heap before
{Heap before GC invocations=9 (full 1):
 PSYoungGen      total 104448K, used 49271K [0x00000000e0000000, 0x00000000ea400000, 0x0000000100000000)
  eden space 94720K, 42% used [0x00000000e0000000,0x00000000e2799e80,0x00000000e5c80000)
  from space 9728K, 89% used [0x00000000e5c80000,0x00000000e6503ec8,0x00000000e6600000)
  to   space 10752K, 0% used [0x00000000e9980000,0x00000000e9980000,0x00000000ea400000)
 ParOldGen       total 36864K, used 13531K [0x00000000a0000000, 0x00000000a2400000, 0x00000000e0000000)
  object space 36864K, 36% used [0x00000000a0000000,0x00000000a0d36fc8,0x00000000a2400000)
 Metaspace       used 34540K, capacity 35244K, committed 35456K, reserved 1079296K
  class space    used 4652K, capacity 4877K, committed 4992K, reserved 1048576K
Event: 108.132 GC heap after
Heap after GC invocations=9 (full 1):
 PSYoungGen      total 155136K, used 10740K [0x00000000e0000000, 0x00000000eb800000, 0x0000000100000000)
  eden space 144384K, 0% used [0x00000000e0000000,0x00000000e0000000,0x00000000e8d00000)
  from space 10752K, 99% used [0x00000000e9980000,0x00000000ea3fd030,0x00000000ea400000)
  to   space 12800K, 0% used [0x00000000e8d00000,0x00000000e8d00000,0x00000000e9980000)
 ParOldGen       total 36864K, used 13643K [0x00000000a0000000, 0x00000000a2400000, 0x00000000e0000000)
  object space 36864K, 37% used [0x00000000a0000000,0x00000000a0d52fc8,0x00000000a2400000)
 Metaspace       used 34540K, capacity 35244K, committed 35456K, reserved 1079296K
  class space    used 4652K, capacity 4877K, committed 4992K, reserved 1048576K
}
Event: 108.132 GC heap before
{Heap before GC invocations=10 (full 2):
 PSYoungGen      total 155136K, used 10740K [0x00000000e0000000, 0x00000000eb800000, 0x0000000100000000)
  eden space 144384K, 0% used [0x00000000e0000000,0x00000000e0000000,0x00000000e8d00000)
  from space 10752K, 99% used [0x00000000e9980000,0x00000000ea3fd030,0x00000000ea400000)
  to   space 12800K, 0% used [0x00000000e8d00000,0x00000000e8d00000,0x00000000e9980000)
 ParOldGen       total 36864K, used 13643K [0x00000000a0000000, 0x00000000a2400000, 0x00000000e0000000)
  object space 36864K, 37% used [0x00000000a0000000,0x00000000a0d52fc8,0x00000000a2400000)
 Metaspace       used 34540K, capacity 35244K, committed 35456K, reserved 1079296K
  class space    used 4652K, capacity 4877K, committed 4992K, reserved 1048576K
Event: 109.206 GC heap after
Heap after GC invocations=10 (full 2):
 PSYoungGen      total 155136K, used 0K [0x00000000e0000000, 0x00000000eb800000, 0x0000000100000000)
  eden space 144384K, 0% used [0x00000000e0000000,0x00000000e0000000,0x00000000e8d00000)
  from space 10752K, 0% used [0x00000000e9980000,0x00000000e9980000,0x00000000ea400000)
  to   space 12800K, 0% used [0x00000000e8d00000,0x00000000e8d00000,0x00000000e9980000)
 ParOldGen       total 48128K, used 17066K [0x00000000a0000000, 0x00000000a2f00000, 0x00000000e0000000)
  object space 48128K, 35% used [0x00000000a0000000,0x00000000a10aab98,0x00000000a2f00000)
 Metaspace       used 34540K, capacity 35244K, committed 35456K, reserved 1079296K
  class space    used 4652K, capacity 4877K, committed 4992K, reserved 1048576K
}

Deoptimization events (10 events):
Event: 116.140 Thread 0x0000000057a80000 Uncommon trap: reason=class_check action=maybe_recompile pc=0x00000000033f23b4 method=java.util.AbstractList$Itr.next()Ljava/lang/Object; @ 14
Event: 116.171 Thread 0x0000000057a80000 Uncommon trap: reason=class_check action=maybe_recompile pc=0x00000000033f23b4 method=java.util.AbstractList$Itr.next()Ljava/lang/Object; @ 14
Event: 117.051 Thread 0x0000000057a80000 Uncommon trap: reason=bimorphic action=maybe_recompile pc=0x0000000002e63f1c method=java.io.DataInputStream.readFully([BII)V @ 34
Event: 117.051 Thread 0x0000000057a80000 Uncommon trap: reason=bimorphic action=maybe_recompile pc=0x0000000002e63f1c method=java.io.DataInputStream.readFully([BII)V @ 34
Event: 117.051 Thread 0x0000000057a80000 Uncommon trap: reason=bimorphic action=maybe_recompile pc=0x0000000002e63f1c method=java.io.DataInputStream.readFully([BII)V @ 34
Event: 117.052 Thread 0x0000000057a80000 Uncommon trap: reason=bimorphic action=maybe_recompile pc=0x0000000002e63f1c method=java.io.DataInputStream.readFully([BII)V @ 34
Event: 118.172 Thread 0x0000000057a80000 Uncommon trap: reason=unstable_if action=reinterpret pc=0x0000000002de0d8c method=com.sun.org.apache.xerces.internal.utils.XMLLimitAnalyzer.addValue(ILjava/lang/String;I)V @ 68
Event: 118.172 Thread 0x0000000057a80000 Uncommon trap: reason=unstable_if action=reinterpret pc=0x0000000003336740 method=com.sun.org.apache.xerces.internal.utils.XMLSecurityManager.isOverLimit(ILcom/sun/org/apache/xerces/internal/utils/XMLLimitAnalyzer;)Z @ 38
Event: 119.231 Thread 0x0000000057a80000 Uncommon trap: reason=unstable_if action=reinterpret pc=0x00000000033c73c0 method=java.lang.CharacterDataLatin1.digit(II)I @ 31
Event: 119.403 Thread 0x0000000057a80000 Uncommon trap: reason=unstable_if action=reinterpret pc=0x0000000003327058 method=java.lang.CharacterDataLatin1.digit(II)I @ 31

Internal exceptions (10 events):
Event: 120.925 Thread 0x0000000057a80000 Exception <a 'sun/nio/fs/WindowsException'> (0x00000000e741f6a0) thrown at [C:\src\android\AOSP-openjdk\external\jetbrains\jdk\hotspot\src\share\vm\prims\jni.cpp, line 709]
Event: 120.926 Thread 0x0000000057a80000 Exception <a 'sun/nio/fs/WindowsException'> (0x00000000e74203b0) thrown at [C:\src\android\AOSP-openjdk\external\jetbrains\jdk\hotspot\src\share\vm\prims\jni.cpp, line 709]
Event: 120.927 Thread 0x0000000057a80000 Exception <a 'sun/nio/fs/WindowsException'> (0x00000000e7423d70) thrown at [C:\src\android\AOSP-openjdk\external\jetbrains\jdk\hotspot\src\share\vm\prims\jni.cpp, line 709]
Event: 120.928 Thread 0x0000000057a80000 Exception <a 'sun/nio/fs/WindowsException'> (0x00000000e7424968) thrown at [C:\src\android\AOSP-openjdk\external\jetbrains\jdk\hotspot\src\share\vm\prims\jni.cpp, line 709]
Event: 120.928 Thread 0x0000000057a80000 Exception <a 'sun/nio/fs/WindowsException'> (0x00000000e74265a8) thrown at [C:\src\android\AOSP-openjdk\external\jetbrains\jdk\hotspot\src\share\vm\prims\jni.cpp, line 709]
Event: 120.928 Thread 0x0000000057a80000 Exception <a 'sun/nio/fs/WindowsException'> (0x00000000e74271d8) thrown at [C:\src\android\AOSP-openjdk\external\jetbrains\jdk\hotspot\src\share\vm\prims\jni.cpp, line 709]
Event: 120.950 Thread 0x0000000057a80000 Exception <a 'sun/nio/fs/WindowsException'> (0x00000000e7429fa0) thrown at [C:\src\android\AOSP-openjdk\external\jetbrains\jdk\hotspot\src\share\vm\prims\jni.cpp, line 709]
Event: 120.951 Thread 0x0000000057a80000 Exception <a 'sun/nio/fs/WindowsException'> (0x00000000e742ac10) thrown at [C:\src\android\AOSP-openjdk\external\jetbrains\jdk\hotspot\src\share\vm\prims\jni.cpp, line 709]
Event: 120.951 Thread 0x0000000057a80000 Exception <a 'sun/nio/fs/WindowsException'> (0x00000000e742c8c8) thrown at [C:\src\android\AOSP-openjdk\external\jetbrains\jdk\hotspot\src\share\vm\prims\jni.cpp, line 709]
Event: 120.952 Thread 0x0000000057a80000 Exception <a 'sun/nio/fs/WindowsException'> (0x00000000e742d570) thrown at [C:\src\android\AOSP-openjdk\external\jetbrains\jdk\hotspot\src\share\vm\prims\jni.cpp, line 709]

Events (10 events):
Event: 120.512 loading class com/android/repository/api/RepoManager$RepoLoadedCallback done
Event: 120.517 loading class java/nio/file/attribute/FileTime
Event: 120.518 loading class java/nio/file/attribute/FileTime done
Event: 120.824 Executing VM operation: RevokeBias
Event: 120.825 Executing VM operation: RevokeBias done
Event: 120.858 Thread 0x0000000057fbd800 Thread exited: 0x0000000057fbd800
Event: 121.818 loading class com/android/builder/sdk/SdkInfo
Event: 121.818 loading class com/android/builder/sdk/SdkInfo done
Event: 121.820 loading class com/android/SdkConstants
Event: 121.820 loading class com/android/SdkConstants done


Dynamic libraries:
0x000000013faf0000 - 0x000000013fb21000 	C:\Program Files\Android\Android Studio\jre\bin\java.exe
0x0000000076e30000 - 0x0000000076fdb000 	C:\Windows\SYSTEM32\ntdll.dll
0x0000000076c10000 - 0x0000000076d2f000 	C:\Windows\system32\kernel32.dll
0x000007fefce80000 - 0x000007fefceeb000 	C:\Windows\system32\KERNELBASE.dll
0x000007fefeff0000 - 0x000007feff0cb000 	C:\Windows\system32\ADVAPI32.dll
0x000007fefdf00000 - 0x000007fefdf9f000 	C:\Windows\system32\msvcrt.dll
0x000007fefd3f0000 - 0x000007fefd40f000 	C:\Windows\SYSTEM32\sechost.dll
0x000007fefeec0000 - 0x000007fefefee000 	C:\Windows\system32\RPCRT4.dll
0x0000000076d30000 - 0x0000000076e2a000 	C:\Windows\system32\USER32.dll
0x000007feff0d0000 - 0x000007feff137000 	C:\Windows\system32\GDI32.dll
0x000007fefdef0000 - 0x000007fefdefe000 	C:\Windows\system32\LPK.dll
0x000007fefd970000 - 0x000007fefda3a000 	C:\Windows\system32\USP10.dll
0x000007fefb840000 - 0x000007fefba34000 	C:\Windows\WinSxS\amd64_microsoft.windows.common-controls_6595b64144ccf1df_6.0.7600.16385_none_fa645303170382f6\COMCTL32.dll
0x000007fefdfa0000 - 0x000007fefe011000 	C:\Windows\system32\SHLWAPI.dll
0x000007fefd3c0000 - 0x000007fefd3ee000 	C:\Windows\system32\IMM32.DLL
0x000007fefedb0000 - 0x000007fefeeb9000 	C:\Windows\system32\MSCTF.dll
0x0000000073930000 - 0x0000000073a02000 	C:\Program Files\Android\Android Studio\jre\jre\bin\msvcr100.dll
0x0000000068280000 - 0x0000000068abc000 	C:\Program Files\Android\Android Studio\jre\jre\bin\server\jvm.dll
0x000007fee6660000 - 0x000007fee6669000 	C:\Windows\system32\WSOCK32.dll
0x000007fefdcc0000 - 0x000007fefdd0d000 	C:\Windows\system32\WS2_32.dll
0x000007fefddf0000 - 0x000007fefddf8000 	C:\Windows\system32\NSI.dll
0x000007fefaaf0000 - 0x000007fefab2b000 	C:\Windows\system32\WINMM.dll
0x000007fefbf00000 - 0x000007fefbf0c000 	C:\Windows\system32\VERSION.dll
0x0000000077000000 - 0x0000000077007000 	C:\Windows\system32\PSAPI.DLL
0x000007fef5bf0000 - 0x000007fef5bff000 	C:\Program Files\Android\Android Studio\jre\jre\bin\verify.dll
0x000007fef5540000 - 0x000007fef5569000 	C:\Program Files\Android\Android Studio\jre\jre\bin\java.dll
0x000007fee9bf0000 - 0x000007fee9c06000 	C:\Program Files\Android\Android Studio\jre\jre\bin\zip.dll
0x000007fefe020000 - 0x000007fefeda6000 	C:\Windows\system32\SHELL32.dll
0x000007fefd430000 - 0x000007fefd631000 	C:\Windows\system32\ole32.dll
0x000007fefcd90000 - 0x000007fefcd9f000 	C:\Windows\system32\profapi.dll
0x000007fee9bd0000 - 0x000007fee9bea000 	C:\Program Files\Android\Android Studio\jre\jre\bin\net.dll
0x000007fefc5c0000 - 0x000007fefc614000 	C:\Windows\system32\mswsock.dll
0x000007fefc5b0000 - 0x000007fefc5b7000 	C:\Windows\System32\wship6.dll
0x000007fee9bb0000 - 0x000007fee9bc1000 	C:\Program Files\Android\Android Studio\jre\jre\bin\nio.dll
0x000007fee8c80000 - 0x000007fee8c9e000 	C:\Users\shubham\.gradle\native\23\windows-amd64\native-platform.dll
0x000007fefc620000 - 0x000007fefc637000 	C:\Windows\system32\CRYPTSP.dll
0x000007fefc320000 - 0x000007fefc367000 	C:\Windows\system32\rsaenh.dll
0x000007fefc0e0000 - 0x000007fefc0fe000 	C:\Windows\system32\USERENV.dll
0x000007fefccc0000 - 0x000007fefcccf000 	C:\Windows\system32\CRYPTBASE.dll
0x000007fefa3a0000 - 0x000007fefa3c7000 	C:\Windows\system32\IPHLPAPI.DLL
0x000007fefa380000 - 0x000007fefa38b000 	C:\Windows\system32\WINNSI.DLL
0x000007fefa150000 - 0x000007fefa161000 	C:\Windows\system32\dhcpcsvc6.DLL
0x000007fefa190000 - 0x000007fefa1a8000 	C:\Windows\system32\dhcpcsvc.DLL
0x000007fef5be0000 - 0x000007fef5bed000 	C:\Program Files\Android\Android Studio\jre\jre\bin\management.dll
0x000007fefcc60000 - 0x000007fefccb7000 	C:\Windows\system32\apphelp.dll
0x000007fef4390000 - 0x000007fef44b5000 	C:\Windows\system32\dbghelp.dll

VM Arguments:
jvm_args: -Xmx1536m -Dfile.encoding=windows-1252 -Duser.country=IN -Duser.language=en -Duser.variant 
java_command: org.gradle.launcher.daemon.bootstrap.GradleDaemon 3.3
java_class_path (initial): C:\Users\shubham\.gradle\wrapper\dists\gradle-3.3-all\55gk2rcmfc6p2dg9u9ohc3hw9\gradle-3.3\lib\gradle-launcher-3.3.jar
Launcher Type: SUN_STANDARD

Environment Variables:
PATH=C:\Windows\system32;C:\Windows;C:\Windows\System32\Wbem;C:\Windows\System32\WindowsPowerShell\v1.0\;E:\MATLAB\runtime\win64;E:\MATLAB\bin;C:\Program Files (x86)\Microsoft SQL Server\100\Tools\Binn\;C:\Program Files\Microsoft SQL Server\100\Tools\Binn\;C:\Program Files\Microsoft SQL Server\100\DTS\Binn\;C:\Users\shubham\Anaconda2;C:\Users\shubham\Anaconda2\Library\mingw-w64\bin;C:\Users\shubham\Anaconda2\Library\usr\bin;C:\Users\shubham\Anaconda2\Library\bin;C:\Users\shubham\Anaconda2\Scripts;C:\OrCAD\OrCAD_16.6_Lite\tools\pcb\bin;C:\OrCAD\OrCAD_16.6_Lite\tools\fet\bin;C:\OrCAD\OrCAD_16.6_Lite\OpenAccess\bin\win32\opt;C:\OrCAD\OrCAD_16.6_Lite\tools\bin;C:\OrCAD\OrCAD_16.6_Lite\tools\Capture;C:\OrCAD\OrCAD_16.6_Lite\tools\PSpice;C:\adb;
USERNAME=shubham
OS=Windows_NT
PROCESSOR_IDENTIFIER=Intel64 Family 6 Model 15 Stepping 13, GenuineIntel



---------------  S Y S T E M  ---------------

OS: Windows 7 , 64 bit Build 7600 (6.1.7600.16385)

CPU:total 2 (2 cores per cpu, 1 threads per core) family 6 model 15 stepping 13, cmov, cx8, fxsr, mmx, sse, sse2, sse3, ssse3, tsc

Memory: 4k page, physical 3109236k(428232k free), swap 6216576k(2282784k free)

vm_info: OpenJDK 64-Bit Server VM (25.112-b06) for windows-amd64 JRE (1.8.0_112-release-b06), built on Dec  8 2016 00:54:26 by "builder" with MS VC++ 10.0 (VS2010)

time: Mon Aug 28 01:01:51 2017
elapsed time: 121 seconds (0d 0h 2m 1s)

